DDvoice/build/outputs/logs/manifest-merger-debug-report.txt
-- Merging decision tree log ---
manifest
ADDED from src\main\AndroidManifest.xml:2:1-80:12
	xmlns:android
		ADDED from src\main\AndroidManifest.xml:2:11-69
	package
		ADDED from src\main\AndroidManifest.xml:3:5-34
		INJECTED from src\main\AndroidManifest.xml
		INJECTED from src\main\AndroidManifest.xml
	android:versionName
		ADDED from src\main\AndroidManifest.xml:5:5-30
		INJECTED from src\main\AndroidManifest.xml
		INJECTED from src\main\AndroidManifest.xml
	android:versionCode
		ADDED from src\main\AndroidManifest.xml:4:5-28
		INJECTED from src\main\AndroidManifest.xml
		INJECTED from src\main\AndroidManifest.xml
uses-sdk
ADDED from src\main\AndroidManifest.xml:7:5-9:41
MERGED from [com.android.support:appcompat-v7:20.0.0] AndroidManifest.xml:16:5-42
MERGED from [com.android.support:support-v4:20.0.0] AndroidManifest.xml:16:5-42
MERGED from [com.android.support:support-v4:20.0.0] AndroidManifest.xml:16:5-42
	android:targetSdkVersion
		ADDED from src\main\AndroidManifest.xml:9:9-38
		INJECTED from src\main\AndroidManifest.xml
		INJECTED from src\main\AndroidManifest.xml
	android:minSdkVersion
		ADDED from src\main\AndroidManifest.xml:8:9-34
		INJECTED from src\main\AndroidManifest.xml
		INJECTED from src\main\AndroidManifest.xml
uses-permission#android.permission.INTERNET
ADDED from src\main\AndroidManifest.xml:12:2-63
	android:name
		ADDED from src\main\AndroidManifest.xml:12:19-61
uses-permission#android.permission.RECORD_AUDIO
ADDED from src\main\AndroidManifest.xml:14:2-67
	android:name
		ADDED from src\main\AndroidManifest.xml:14:19-65
uses-permission#android.permission.ACCESS_NETWORK_STATE
ADDED from src\main\AndroidManifest.xml:16:2-75
	android:name
		ADDED from src\main\AndroidManifest.xml:16:19-73
uses-permission#android.permission.ACCESS_WIFI_STATE
ADDED from src\main\AndroidManifest.xml:18:2-72
	android:name
		ADDED from src\main\AndroidManifest.xml:18:19-70
uses-permission#android.permission.CHANGE_NETWORK_STATE
ADDED from src\main\AndroidManifest.xml:20:2-75
	android:name
		ADDED from src\main\AndroidManifest.xml:20:19-73
uses-permission#android.permission.READ_PHONE_STATE
ADDED from src\main\AndroidManifest.xml:22:2-71
	android:name
		ADDED from src\main\AndroidManifest.xml:22:19-69
uses-permission#android.permission.READ_CONTACTS
ADDED from src\main\AndroidManifest.xml:24:2-68
	android:name
		ADDED from src\main\AndroidManifest.xml:24:19-66
uses-permission#android.permission.CALL_PHONE
ADDED from src\main\AndroidManifest.xml:26:5-69
	android:name
		ADDED from src\main\AndroidManifest.xml:26:22-66
uses-permission#android.permission.SEND_SMS
ADDED from src\main\AndroidManifest.xml:29:5-67
	android:name
		ADDED from src\main\AndroidManifest.xml:29:22-64
uses-permission#android.permission.WRITE_SMS
ADDED from src\main\AndroidManifest.xml:31:5-68
	android:name
		ADDED from src\main\AndroidManifest.xml:31:22-65
uses-permission#android.permission.READ_SMS
ADDED from src\main\AndroidManifest.xml:33:5-67
	android:name
		ADDED from src\main\AndroidManifest.xml:33:22-64
uses-permission#android.permission.ACCESS_FINE_LOCATION
ADDED from src\main\AndroidManifest.xml:35:5-79
	android:name
		ADDED from src\main\AndroidManifest.xml:35:22-76
uses-permission#com.android.alarm.permission.SET_ALARM
ADDED from src\main\AndroidManifest.xml:37:5-77
	android:name
		ADDED from src\main\AndroidManifest.xml:37:22-75
uses-permission#android.permission.WRITE_CONTACTS
ADDED from src\main\AndroidManifest.xml:39:5-90
	android:name
		ADDED from src\main\AndroidManifest.xml:39:22-70
uses-permission#android.permission.CHANGE_WIFI_STATE
ADDED from src\main\AndroidManifest.xml:41:5-76
	android:name
		ADDED from src\main\AndroidManifest.xml:41:22-73
uses-permission#android.permission.WRITE_SETTINGS
ADDED from src\main\AndroidManifest.xml:43:5-89
	android:name
		ADDED from src\main\AndroidManifest.xml:43:22-70
uses-permission#android.permission.WRITE_EXTERNAL_STORAGE
ADDED from src\main\AndroidManifest.xml:45:5-81
	android:name
		ADDED from src\main\AndroidManifest.xml:45:22-78
uses-permission#android.permission.VIBRATE
ADDED from src\main\AndroidManifest.xml:47:5-66
	android:name
		ADDED from src\main\AndroidManifest.xml:47:22-63
application
ADDED from src\main\AndroidManifest.xml:49:5-78:19
MERGED from [com.android.support:appcompat-v7:20.0.0] AndroidManifest.xml:17:5-19
MERGED from [com.android.support:support-v4:20.0.0] AndroidManifest.xml:17:5-19
MERGED from [com.android.support:support-v4:20.0.0] AndroidManifest.xml:17:5-19
	android:label
		ADDED from src\main\AndroidManifest.xml:52:9-41
	android:allowBackup
		ADDED from src\main\AndroidManifest.xml:50:9-35
	android:icon
		ADDED from src\main\AndroidManifest.xml:51:9-52
	android:theme
		ADDED from src\main\AndroidManifest.xml:53:9-56
activity#com.example.ddvoice.LoadingActivity
ADDED from src\main\AndroidManifest.xml:54:9-61:20
	android:name
		ADDED from src\main\AndroidManifest.xml:55:13-44
intent-filter#android.intent.action.MAIN+android.intent.category.LAUNCHER
ADDED from src\main\AndroidManifest.xml:56:13-60:29
action#android.intent.action.MAIN
ADDED from src\main\AndroidManifest.xml:57:17-69
	android:name
		ADDED from src\main\AndroidManifest.xml:57:25-66
category#android.intent.category.LAUNCHER
ADDED from src\main\AndroidManifest.xml:59:17-77
	android:name
		ADDED from src\main\AndroidManifest.xml:59:27-74
activity#com.example.ddvoice.MainActivity
ADDED from src\main\AndroidManifest.xml:62:9-66:20
	android:label
		ADDED from src\main\AndroidManifest.xml:65:13-45
	android:configChanges
		ADDED from src\main\AndroidManifest.xml:63:13-74
	android:exported
		ADDED from src\main\AndroidManifest.xml:64:13-36
	android:name
		ADDED from src\main\AndroidManifest.xml:62:19-47
activity#com.example.ddvoice.NewsActivity
ADDED from src\main\AndroidManifest.xml:67:9-69:20
	android:label
		ADDED from src\main\AndroidManifest.xml:68:13-45
	android:name
		ADDED from src\main\AndroidManifest.xml:67:19-47
activity#com.example.ddvoice.SemanticAnalysis
ADDED from src\main\AndroidManifest.xml:70:6-77:24
	android:theme
		ADDED from src\main\AndroidManifest.xml:72:10-56
	android:name
		ADDED from src\main\AndroidManifest.xml:71:10-42
intent-filter#android.intent.action.0+android.intent.category.DEFAULT
ADDED from src\main\AndroidManifest.xml:73:13-76:33
action#android.intent.action.0
ADDED from src\main\AndroidManifest.xml:74:17-66
	android:name
		ADDED from src\main\AndroidManifest.xml:74:25-63
category#android.intent.category.DEFAULT
ADDED from src\main\AndroidManifest.xml:75:17-76
	android:name
		ADDED from src\main\AndroidManifest.xml:75:27-73